0 info it worked if it ends with ok
1 verbose cli [ 'C:\\Node.js\\node.exe',
1 verbose cli   'C:\\Node.js\\node_modules\\npm\\bin\\npm-cli.js',
1 verbose cli   'install',
1 verbose cli   'File',
1 verbose cli   'System' ]
2 info using npm@3.10.10
3 info using node@v6.9.5
4 silly loadCurrentTree Starting
5 silly install loadCurrentTree
6 silly install readLocalPackageData
7 silly fetchPackageMetaData File
8 silly fetchPackageMetaData System
9 silly fetchNamedPackageData File
10 silly mapToRegistry name File
11 silly mapToRegistry using default registry
12 silly mapToRegistry registry https://registry.npmjs.org/
13 silly mapToRegistry data Result {
13 silly mapToRegistry   raw: 'File',
13 silly mapToRegistry   scope: null,
13 silly mapToRegistry   escapedName: 'File',
13 silly mapToRegistry   name: 'File',
13 silly mapToRegistry   rawSpec: '',
13 silly mapToRegistry   spec: 'latest',
13 silly mapToRegistry   type: 'tag' }
14 silly mapToRegistry uri https://registry.npmjs.org/File
15 silly fetchNamedPackageData System
16 silly mapToRegistry name System
17 silly mapToRegistry using default registry
18 silly mapToRegistry registry https://registry.npmjs.org/
19 silly mapToRegistry data Result {
19 silly mapToRegistry   raw: 'System',
19 silly mapToRegistry   scope: null,
19 silly mapToRegistry   escapedName: 'System',
19 silly mapToRegistry   name: 'System',
19 silly mapToRegistry   rawSpec: '',
19 silly mapToRegistry   spec: 'latest',
19 silly mapToRegistry   type: 'tag' }
20 silly mapToRegistry uri https://registry.npmjs.org/System
21 verbose request uri https://registry.npmjs.org/File
22 verbose request no auth needed
23 info attempt registry request try #1 at 23:09:41
24 verbose request id 3bb335fdb3e02801
25 http request GET https://registry.npmjs.org/File
26 verbose request uri https://registry.npmjs.org/System
27 verbose request no auth needed
28 info attempt registry request try #1 at 23:09:41
29 http request GET https://registry.npmjs.org/System
30 http 200 https://registry.npmjs.org/File
31 verbose headers { server: 'nginx/1.10.1',
31 verbose headers   'content-type': 'application/json',
31 verbose headers   'last-modified': 'Fri, 24 Oct 2014 20:56:39 GMT',
31 verbose headers   etag: 'W/"544abd07-b51"',
31 verbose headers   'content-encoding': 'gzip',
31 verbose headers   'cache-control': 'max-age=300',
31 verbose headers   'content-length': '857',
31 verbose headers   'accept-ranges': 'bytes',
31 verbose headers   date: 'Wed, 15 Feb 2017 14:09:39 GMT',
31 verbose headers   via: '1.1 varnish',
31 verbose headers   age: '0',
31 verbose headers   connection: 'keep-alive',
31 verbose headers   'x-served-by': 'cache-itm7426-ITM',
31 verbose headers   'x-cache': 'MISS',
31 verbose headers   'x-cache-hits': '0',
31 verbose headers   'x-timer': 'S1487167779.675461,VS0,VE137',
31 verbose headers   vary: 'Accept-Encoding' }
32 silly get cb [ 200,
32 silly get   { server: 'nginx/1.10.1',
32 silly get     'content-type': 'application/json',
32 silly get     'last-modified': 'Fri, 24 Oct 2014 20:56:39 GMT',
32 silly get     etag: 'W/"544abd07-b51"',
32 silly get     'content-encoding': 'gzip',
32 silly get     'cache-control': 'max-age=300',
32 silly get     'content-length': '857',
32 silly get     'accept-ranges': 'bytes',
32 silly get     date: 'Wed, 15 Feb 2017 14:09:39 GMT',
32 silly get     via: '1.1 varnish',
32 silly get     age: '0',
32 silly get     connection: 'keep-alive',
32 silly get     'x-served-by': 'cache-itm7426-ITM',
32 silly get     'x-cache': 'MISS',
32 silly get     'x-cache-hits': '0',
32 silly get     'x-timer': 'S1487167779.675461,VS0,VE137',
32 silly get     vary: 'Accept-Encoding' } ]
33 verbose get saving File to C:\Users\user\AppData\Roaming\npm-cache\registry.npmjs.org\File\.cache.json
34 verbose correctMkdir C:\Users\user\AppData\Roaming\npm-cache correctMkdir not in flight; initializing
35 http 404 https://registry.npmjs.org/System
36 verbose headers { 'content-type': 'application/json',
36 verbose headers   'cache-control': 'max-age=0',
36 verbose headers   'content-length': '2',
36 verbose headers   'accept-ranges': 'bytes',
36 verbose headers   date: 'Wed, 15 Feb 2017 14:09:41 GMT',
36 verbose headers   via: '1.1 varnish',
36 verbose headers   age: '0',
36 verbose headers   connection: 'keep-alive',
36 verbose headers   'x-served-by': 'cache-itm7420-ITM',
36 verbose headers   'x-cache': 'MISS',
36 verbose headers   'x-cache-hits': '0',
36 verbose headers   'x-timer': 'S1487167779.682288,VS0,VE1524',
36 verbose headers   vary: 'Accept-Encoding' }
37 silly get cb [ 404,
37 silly get   { 'content-type': 'application/json',
37 silly get     'cache-control': 'max-age=0',
37 silly get     'content-length': '2',
37 silly get     'accept-ranges': 'bytes',
37 silly get     date: 'Wed, 15 Feb 2017 14:09:41 GMT',
37 silly get     via: '1.1 varnish',
37 silly get     age: '0',
37 silly get     connection: 'keep-alive',
37 silly get     'x-served-by': 'cache-itm7420-ITM',
37 silly get     'x-cache': 'MISS',
37 silly get     'x-cache-hits': '0',
37 silly get     'x-timer': 'S1487167779.682288,VS0,VE1524',
37 silly get     vary: 'Accept-Encoding' } ]
38 silly fetchPackageMetaData Error: Registry returned 404 for GET on https://registry.npmjs.org/System
38 silly fetchPackageMetaData     at makeError (C:\Node.js\node_modules\npm\node_modules\npm-registry-client\lib\request.js:302:12)
38 silly fetchPackageMetaData     at CachingRegistryClient.<anonymous> (C:\Node.js\node_modules\npm\node_modules\npm-registry-client\lib\request.js:280:14)
38 silly fetchPackageMetaData     at Request._callback (C:\Node.js\node_modules\npm\node_modules\npm-registry-client\lib\request.js:210:14)
38 silly fetchPackageMetaData     at Request.self.callback (C:\Node.js\node_modules\npm\node_modules\request\request.js:187:22)
38 silly fetchPackageMetaData     at emitTwo (events.js:106:13)
38 silly fetchPackageMetaData     at Request.emit (events.js:191:7)
38 silly fetchPackageMetaData     at Request.<anonymous> (C:\Node.js\node_modules\npm\node_modules\request\request.js:1048:10)
38 silly fetchPackageMetaData     at emitOne (events.js:96:13)
38 silly fetchPackageMetaData     at Request.emit (events.js:188:7)
38 silly fetchPackageMetaData     at IncomingMessage.<anonymous> (C:\Node.js\node_modules\npm\node_modules\request\request.js:969:12)
38 silly fetchPackageMetaData  error for System { Error: Registry returned 404 for GET on https://registry.npmjs.org/System
38 silly fetchPackageMetaData     at makeError (C:\Node.js\node_modules\npm\node_modules\npm-registry-client\lib\request.js:302:12)
38 silly fetchPackageMetaData     at CachingRegistryClient.<anonymous> (C:\Node.js\node_modules\npm\node_modules\npm-registry-client\lib\request.js:280:14)
38 silly fetchPackageMetaData     at Request._callback (C:\Node.js\node_modules\npm\node_modules\npm-registry-client\lib\request.js:210:14)
38 silly fetchPackageMetaData     at Request.self.callback (C:\Node.js\node_modules\npm\node_modules\request\request.js:187:22)
38 silly fetchPackageMetaData     at emitTwo (events.js:106:13)
38 silly fetchPackageMetaData     at Request.emit (events.js:191:7)
38 silly fetchPackageMetaData     at Request.<anonymous> (C:\Node.js\node_modules\npm\node_modules\request\request.js:1048:10)
38 silly fetchPackageMetaData     at emitOne (events.js:96:13)
38 silly fetchPackageMetaData     at Request.emit (events.js:188:7)
38 silly fetchPackageMetaData     at IncomingMessage.<anonymous> (C:\Node.js\node_modules\npm\node_modules\request\request.js:969:12) pkgid: 'System', statusCode: 404, code: 'E404' }
39 silly rollbackFailedOptional Starting
40 silly rollbackFailedOptional Finishing
41 silly runTopLevelLifecycles Finishing
42 silly install printInstalled
43 verbose stack Error: Registry returned 404 for GET on https://registry.npmjs.org/System
43 verbose stack     at makeError (C:\Node.js\node_modules\npm\node_modules\npm-registry-client\lib\request.js:302:12)
43 verbose stack     at CachingRegistryClient.<anonymous> (C:\Node.js\node_modules\npm\node_modules\npm-registry-client\lib\request.js:280:14)
43 verbose stack     at Request._callback (C:\Node.js\node_modules\npm\node_modules\npm-registry-client\lib\request.js:210:14)
43 verbose stack     at Request.self.callback (C:\Node.js\node_modules\npm\node_modules\request\request.js:187:22)
43 verbose stack     at emitTwo (events.js:106:13)
43 verbose stack     at Request.emit (events.js:191:7)
43 verbose stack     at Request.<anonymous> (C:\Node.js\node_modules\npm\node_modules\request\request.js:1048:10)
43 verbose stack     at emitOne (events.js:96:13)
43 verbose stack     at Request.emit (events.js:188:7)
43 verbose stack     at IncomingMessage.<anonymous> (C:\Node.js\node_modules\npm\node_modules\request\request.js:969:12)
44 verbose statusCode 404
45 verbose pkgid System
46 verbose cwd C:\Users\user\workspace\MyProject\syncAsync
47 error Windows_NT 10.0.14393
48 error argv "C:\\Node.js\\node.exe" "C:\\Node.js\\node_modules\\npm\\bin\\npm-cli.js" "install" "File" "System"
49 error node v6.9.5
50 error npm  v3.10.10
51 error code E404
52 error 404 Registry returned 404 for GET on https://registry.npmjs.org/System
53 error 404
54 error 404 'System' is not in the npm registry.
55 error 404 Your package name is not valid, because
56 error 404 1. name can no longer contain capital letters
57 error 404 Note that you can also install from a
58 error 404 tarball, folder, http url, or git url.
59 verbose exit [ 1, true ]
